Library/build/outputs/logs/manifest-merger-debug-report.txt
-- Merging decision tree log ---
manifest
ADDED from WelfareShop\Library\AndroidManifest.xml:1:1-7:12
INJECTED from WelfareShop\Library\AndroidManifest.xml:1:1-7:12
INJECTED from WelfareShop\Library\AndroidManifest.xml:1:1-7:12
INJECTED from WelfareShop\Library\AndroidManifest.xml:1:1-7:12
INJECTED from WelfareShop\Library\AndroidManifest.xml:1:1-7:12
INJECTED from WelfareShop\Library\AndroidManifest.xml:1:1-7:12
INJECTED from WelfareShop\Library\AndroidManifest.xml:1:1-7:12
	package
		ADDED from WelfareShop\Library\AndroidManifest.xml:2:5-35
		INJECTED from WelfareShop\Library\AndroidManifest.xml
		INJECTED from WelfareShop\Library\AndroidManifest.xml
	android:versionName
		ADDED from WelfareShop\Library\AndroidManifest.xml:4:5-32
		INJECTED from WelfareShop\Library\AndroidManifest.xml
		INJECTED from WelfareShop\Library\AndroidManifest.xml
	xmlns:android
		ADDED from WelfareShop\Library\AndroidManifest.xml:1:11-69
	android:versionCode
		ADDED from WelfareShop\Library\AndroidManifest.xml:3:5-31
		INJECTED from WelfareShop\Library\AndroidManifest.xml
		INJECTED from WelfareShop\Library\AndroidManifest.xml
application
ADDED from WelfareShop\Library\AndroidManifest.xml:5:5-6:19
uses-sdk
INJECTED from WelfareShop\Library\AndroidManifest.xml reason: use-sdk injection requested
INJECTED from WelfareShop\Library\AndroidManifest.xml
INJECTED from WelfareShop\Library\AndroidManifest.xml
	android:minSdkVersion
		INJECTED from WelfareShop\Library\AndroidManifest.xml
		ADDED from WelfareShop\Library\AndroidManifest.xml
		INJECTED from WelfareShop\Library\AndroidManifest.xml